Pulling docker image oxsecurity/megalinter-javascript:v7 ... 
INFO: this operation can be long during the first use of mega-linter-runner
The next runs, it will be immediate (thanks to docker cache !)
v7: Pulling from oxsecurity/megalinter-javascript
Digest: sha256:6cbab9863fc4bf1b8054583889f1e48feaed205a0b0b94858c56e9ffce2dd19c
Status: Image is up to date for oxsecurity/megalinter-javascript:v7
docker.io/oxsecurity/megalinter-javascript:v7
Command: docker run --platform linux/amd64 --rm -v /var/run/docker.sock:/var/run/docker.sock:rw -v /Users/ncalteen/Workspace/issue-ops/releaser:/tmp/lint:rw oxsecurity/megalinter-javascript:v7
Skipped setting git safe.directory DEFAULT_WORKSPACE:  ...
Setting git safe.directory default: /github/workspace ...
Setting git safe.directory to /tmp/lint ...
[MegaLinter init] ONE-SHOT RUN
[config] /tmp/lint/.mega-linter.yml + Environment variables

    .:oool'                                  ,looo;                           
    .xNXNXl                                 .dXNNXo.                          
     lXXXX0c.                              'oKXXN0;                           
     .oKNXNX0kxdddddddoc,.    .;lodddddddxk0XXXX0c                            
      .:kKXXXXXXXXXXXXNXX0dllx0XXXXXXXXXXXXXXXKd,                             
        .,cdkOOOOOOOO0KXXXXXXXXXXK0OOOOOOOkxo:'                               
                      'ckKXNNNXkc'                                            
              ':::::;.  .c0XX0l.  .;::::;.                                    
              'xXXXXXx'   :kx:   ;OXXXXKd.                                    
               .dKNNXXO;   ..   :0XXXXKl.                                     
                .lKXXXX0:     .lKXXXX0:                                       
                  :0XXXXKl.  .dXXXXXk,                                        
                   ;kXXXXKd:cxXXXXXx'                                         
                    'xXNXXXXXXXXXKo.                                          
                     .oKXXXXNXXX0l.                                           
                      .lKNNXNNXO:                                             
                        ,looool'                                              

==========================================================
=============   MegaLinter, by OX.security   =============
=========  https://ox.security?ref=megalinter  ===========
==========================================================

----------------------------------------------------------------------------------------------------
------------------------------------ MegaLinter, by OX Security ------------------------------------
----------------------------------------------------------------------------------------------------
 - Image Creation Date: 2024-07-06T20:23:45Z
 - Image Revision: bacb5f8674e3730b904ca4d20c8bd477bc51b1a7
 - Image Version: v7.13.0
----------------------------------------------------------------------------------------------------
The MegaLinter documentation can be found at:
 - https://megalinter.io/7.13.0
----------------------------------------------------------------------------------------------------
MegaLinter initialization
MegaLinter will analyze workspace [/tmp/lint]

[Activation] ANSIBLE_ANSIBLE_LINT has been set inactive, as none of these files has been found: ['.ansible-lint']
[Activation] EDITORCONFIG_EDITORCONFIG_CHECKER has been set inactive, as none of these files has been found: ['.editorconfig']
[Activation] KUBERNETES_KUBECONFORM has been set inactive, as subdirectory has not been found: kubernetes (set value "any" to always activate)
[Activation] KUBERNETES_HELM has been set inactive, as none of these files has been found: ['Chart.yml', 'Chart.yaml']
[Activation] KUBERNETES_KUBESCAPE has been set inactive, as none of these files has been found: ['Chart.yml', 'Chart.yaml']
[Activation] REPOSITORY_LS_LINT has been set inactive, as none of these files has been found: ['.ls-lint.yml']
[SemgrepLinter] Deactivated because no ruleset has been defined
[Activation] SALESFORCE_SFDX_SCANNER_APEX has been set inactive, as subdirectory has not been found: force-app (set value "any" to always activate)
[Activation] SALESFORCE_SFDX_SCANNER_AURA has been set inactive, as subdirectory has not been found: force-app (set value "any" to always activate)
[Activation] SALESFORCE_SFDX_SCANNER_LWC has been set inactive, as subdirectory has not been found: force-app (set value "any" to always activate)
[Activation] SALESFORCE_LIGHTNING_FLOW_SCANNER has been set inactive, as subdirectory has not been found: force-app (set value "any" to always activate)
[Activation] SQL_SQLFLUFF has been set inactive, as none of these files has been found: ['.sqlfluff']
[Activation] SWIFT_SWIFTLINT has been set inactive, as none of these files has been found: ['.swiftlint.yml']
CLOJURE_CLJSTYLE has been disabled in MegaLinter for the following reason: Bug on cljstyle on alpine linux: https://github.com/greglook/cljstyle/issues/104
JSON_ESLINT_PLUGIN_JSONC has been disabled in MegaLinter for the following reason: Bug in eslint-plugin-jsonc : https://github.com/ota-meshi/eslint-plugin-jsonc/issues/328
MAKEFILE_CHECKMAKE has been disabled in MegaLinter for the following reason: Security issues: https://github.com/mrtazz/checkmake/issues/99
MARKDOWN_REMARK_LINT has been disabled in MegaLinter for the following reason: Bug in remark-lint: https://github.com/remarkjs/remark-lint/issues/322
SQL_SQL_LINT has been disabled in MegaLinter for the following reason: Not maintained anymore, latest release in 2022: https://github.com/joereynolds/sql-lint/issues/262
SQL_TSQLLINT has been disabled in MegaLinter for the following reason: Security issues not handled: # https://github.com/tsqllint/tsqllint/issues/333
To receive reports as email, please set variable EMAIL_REPORTER_EMAIL

MegaLinter now collects the files to analyse
Listing all files in directory [/tmp/lint], then filter with:
- File extensions: , .R, .RMD, .Rmd, .bash, .bicep, .c, .c++, .cc, .cdxml, .clj, .cljc, .cljs, .coffee, .cpp, .cs, .csproj, .css, .cu, .cuh, .cxx, .dart, .dash, .edn, .env, .feature, .go, .gradle, .graphql, .groovy, .gvy, .h, .h++, .hcl, .hh, .hpp, .htm, .html, .hxx, .java, .json, .jsx, .ksh, .kt, .kts, .lua, .md, .nf, .p6, .php, .pl, .pl6, .pm, .pm6, .pp, .proto, .ps1, .ps1xml, .psd1, .psm1, .psrc, .pssc, .py, .r, .raku, .rakumod, .rakutest, .rb, .rs, .rst, .saas, .scala, .scss, .sh, .smk, .t, .tex, .tf, .ts, .tsx, .vb, .xml, .xsd, .yaml, .yml
- File names (regex): Containerfile, Dockerfile, Jenkinsfile, Snakefile, package\.json
- Excluding .gitignored files [16451]: .vscode/settings.json, coverage/coverage-summary.json, coverage/lcov-report/base.css, coverage/lcov-report/block-navigation.js, coverage/lcov-report/favicon.png, coverage/lcov-report/index.html, coverage/lcov-report/index.ts.html, coverage/lcov-report/main.ts.html, coverage/lcov-report/prettify.css, coverage/lcov-report/prettify.js,…(full list in DEBUG)
Kept [39] files on [42] found files

+----MATCHING LINTERS----------------+---------------------+----------------+------------+
| Descriptor | Linter                | Criteria            | Matching files | Format/Fix |
+------------+-----------------------+---------------------+----------------+------------+
| ACTION     | actionlint            | .yml|.yaml          | 5              | no         |
| JSON       | jsonlint              | .json               | 5              | no         |
| JSON       | v8r                   | .json               | 5              | no         |
| JSON       | prettier              | .json               | 5              | no         |
| JSON       | npm-package-json-lint | .json|package\.json | project        | no         |
| MARKDOWN   | markdownlint          | .md                 | 1              | no         |
| MARKDOWN   | markdown-link-check   | .md                 | 1              | no         |
| REPOSITORY | checkov               |                     | project        | no         |
| REPOSITORY | git_diff              |                     | project        | no         |
| REPOSITORY | gitleaks              |                     | project        | no         |
| REPOSITORY | grype                 |                     | project        | no         |
| REPOSITORY | secretlint            |                     | project        | no         |
| REPOSITORY | trivy                 |                     | project        | no         |
| REPOSITORY | trivy-sbom            |                     | project        | no         |
| REPOSITORY | trufflehog            |                     | project        | no         |
| TYPESCRIPT | eslint                | .ts                 | 10             | no         |
| TYPESCRIPT | prettier              | .ts                 | 10             | no         |
| YAML       | prettier              | .yml|.yaml          | 14             | no         |
| YAML       | yamllint              | .yml|.yaml          | 14             | no         |
| YAML       | v8r                   | .yml|.yaml          | 14             | no         |
+------------+-----------------------+---------------------+----------------+------------+

Processing linters on [10] parallel cores… (can be decreased with variable PARALLEL_PROCESS_NUMBER in case of performance issues)
[32m✅ Linted [ACTION] files with [actionlint] successfully - (0.36s)[0m
- Using [actionlint v1.7.1] https://megalinter.io/7.13.0/descriptors/action_actionlint
- MegaLinter key: [ACTION_ACTIONLINT]
- Rules config: identified by [actionlint]
- Number of files analyzed: [5]

[32m✅ Linted [JSON] files with [jsonlint] successfully - (1.22s)[0m
- Using [jsonlint v14.0.3] https://megalinter.io/7.13.0/descriptors/json_jsonlint
- MegaLinter key: [JSON_JSONLINT]
- Rules config: identified by [jsonlint]
- Number of files analyzed: [5]

[32m✅ Linted [REPOSITORY] files with [secretlint] successfully - (2.56s)[0m
- Using [secretlint v8.2.4] https://megalinter.io/7.13.0/descriptors/repository_secretlint
- MegaLinter key: [REPOSITORY_SECRETLINT]
- Rules config: [.secretlintrc.json]

[32m✅ Linted [JSON] files with [prettier] successfully - (1.54s)[0m
- Using [prettier v3.3.2] https://megalinter.io/7.13.0/descriptors/json_prettier
- MegaLinter key: [JSON_PRETTIER]
- Rules config: identified by [prettier]
- Number of files analyzed: [5]

[32m✅ Linted [MARKDOWN] files with [markdown-link-check] successfully - (4.92s)[0m
- Using [markdown-link-check v3.12.2] https://megalinter.io/7.13.0/descriptors/markdown_markdown_link_check
- MegaLinter key: [MARKDOWN_MARKDOWN_LINK_CHECK]
- Rules config: [.markdown-link-check.json]
- Number of files analyzed: [1]

[32m✅ Linted [MARKDOWN] files with [markdownlint] successfully - (1.29s)[0m
- Using [markdownlint v0.41.0] https://megalinter.io/7.13.0/descriptors/markdown_markdownlint
- MegaLinter key: [MARKDOWN_MARKDOWNLINT]
- Rules config: identified by [markdownlint]
- Number of files analyzed: [1]

[32m✅ Linted [JSON] files with [npm-package-json-lint] successfully - (4.79s)[0m
- Using [npm-package-json-lint v8.0.0] https://megalinter.io/7.13.0/descriptors/json_npm_package_json_lint
- MegaLinter key: [JSON_NPM_PACKAGE_JSON_LINT]
- Rules config: [.npmpackagejsonlintrc.json]

[32m✅ Linted [TYPESCRIPT] files with [prettier] successfully - (1.83s)[0m
- Using [prettier v3.3.2] https://megalinter.io/7.13.0/descriptors/typescript_prettier
- MegaLinter key: [TYPESCRIPT_PRETTIER]
- Rules config: [/.prettierrc.yml]
- Number of files analyzed: [10]

[32m✅ Linted [YAML] files with [prettier] successfully - (2.07s)[0m
- Using [prettier v3.3.2] https://megalinter.io/7.13.0/descriptors/yaml_prettier
- MegaLinter key: [YAML_PRETTIER]
- Rules config: [/.prettierrc.yml]
- Number of files analyzed: [14]

[32m✅ Linted [YAML] files with [yamllint] successfully - (1.51s)[0m
- Using [yamllint v1.35.1] https://megalinter.io/7.13.0/descriptors/yaml_yamllint
- MegaLinter key: [YAML_YAMLLINT]
- Rules config: [/.yaml-lint.yml]
- Number of files analyzed: [14]

[32m✅ Linted [JSON] files with [v8r] successfully - (16.24s)[0m
- Using [v8r v3.1.0] https://megalinter.io/7.13.0/descriptors/json_v8r
- MegaLinter key: [JSON_V8R]
- Rules config: identified by [v8r]
- Number of files analyzed: [5]

[32m✅ Linted [REPOSITORY] files with [git_diff] successfully - (2.17s)[0m
- Using [git_diff v2.45.2] https://megalinter.io/7.13.0/descriptors/repository_git_diff
- MegaLinter key: [REPOSITORY_GIT_DIFF]
- Rules config: identified by [git_diff]

[32m✅ Linted [YAML] files with [v8r] successfully - (17.3s)[0m
- Using [v8r v3.1.0] https://megalinter.io/7.13.0/descriptors/yaml_v8r
- MegaLinter key: [YAML_V8R]
- Rules config: identified by [v8r]
- Number of files analyzed: [14]

[32m✅ Linted [REPOSITORY] files with [gitleaks] successfully - (16.82s)[0m
- Using [gitleaks v8.18.4] https://megalinter.io/7.13.0/descriptors/repository_gitleaks
- MegaLinter key: [REPOSITORY_GITLEAKS]
- Rules config: [.gitleaks.toml]

[32m✅ Linted [REPOSITORY] files with [trufflehog] successfully - (46.79s)[0m
- Using [trufflehog v3.79.0] https://megalinter.io/7.13.0/descriptors/repository_trufflehog
- MegaLinter key: [REPOSITORY_TRUFFLEHOG]
- Rules config: identified by [trufflehog]

[32m✅ Linted [REPOSITORY] files with [trivy-sbom] successfully - (49.28s)[0m
- Using [trivy-sbom v0.53.0] https://megalinter.io/7.13.0/descriptors/repository_trivy_sbom
- MegaLinter key: [REPOSITORY_TRIVY_SBOM]
- Rules config: identified by [trivy-sbom]

[31m❌ Linted [REPOSITORY] files with [checkov]: Found 1 error(s) - (50.09s)[0m
- Using [checkov v3.2.174] https://megalinter.io/7.13.0/descriptors/repository_checkov
- MegaLinter key: [REPOSITORY_CHECKOV]
- Rules config: [.checkov.yml]
--Error detail:
2024-07-12 16:55:06,716 [MainThread  ] [INFO ]  Checking necessary system dependancies for helm checks.
2024-07-12 16:55:07,309 [MainThread  ] [INFO ]  Found working version of helm dependancies: v3.14.3
2024-07-12 16:55:07,310 [MainThread  ] [INFO ]  Checking necessary system dependancies for kustomize checks.
2024-07-12 16:55:07,310 [MainThread  ] [INFO ]  Could not find usable tools locally to process kustomize checks. Framework will be disabled for this run.
2024-07-12 16:55:07,310 [MainThread  ] [INFO ]  The following frameworks will automatically be disabled due to missing system dependencies: kustomize
2024-07-12 16:55:08,214 [MainThread  ] [INFO ]  The framework "sca_image" is part of the "SCA" module, which is not enabled in the platform
2024-07-12 16:55:08,214 [MainThread  ] [INFO ]  The framework "sca_package" is part of the "SCA" module, which is not enabled in the platform
2024-07-12 16:55:08,214 [MainThread  ] [INFO ]  The framework "sast" is part of the "SAST" module, which is not enabled in the platform
2024-07-12 16:55:08,214 [MainThread  ] [INFO ]  The framework "cdk" is part of the "SAST" module, which is not enabled in the platform
2024-07-12 16:55:08,241 [MainThread  ] [INFO ]  Scanning root folder and producing fresh tf_definitions and context
2024-07-12 16:55:08,241 [MainThread  ] [INFO ]  Parsing HCL files in source dir to graph
2024-07-12 16:55:08,253 [MainThread  ] [INFO ]  Custom detector found at /venvs/checkov/lib/python3.12/site-packages/checkov/secrets/plugins/custom_regex_detector.py. Loading...
2024-07-12 16:55:08,380 [MainThread  ] [INFO ]  Creating Dockerfile graph
2024-07-12 16:55:08,380 [MainThread  ] [INFO ]  Successfully created Dockerfile graph
2024-07-12 16:55:08,412 [MainThread  ] [INFO ]  Secrets scanning will scan 6 files
2024-07-12 16:55:08,413 [MainThread  ] [INFO ]  creating Kubernetes graph
2024-07-12 16:55:08,414 [MainThread  ] [INFO ]  Successfully created Kubernetes graph
2024-07-12 16:55:08,419 [MainThread  ] [INFO ]  Creating ARM graph
2024-07-12 16:55:08,419 [MainThread  ] [INFO ]  Successfully created ARM graph
2024-07-12 16:55:08,422 [MainThread  ] [INFO ]  creating CloudFormation graph
2024-07-12 16:55:08,422 [MainThread  ] [INFO ]  [CloudformationLocalGraph] created 0 vertices
2024-07-12 16:55:08,422 [MainThread  ] [INFO ]  [CloudformationLocalGraph] created 0 edges
2024-07-12 16:55:08,422 [MainThread  ] [INFO ]  Rendering variables, graph has 0 vertices and 0 edges
2024-07-12 16:55:08,423 [MainThread  ] [INFO ]  Successfully created CloudFormation graph
2024-07-12 16:55:08,428 [MainThread  ] [INFO ]  Creating vertices
2024-07-12 16:55:08,428 [MainThread  ] [INFO ]  [TerraformLocalGraph] created 0 vertices
2024-07-12 16:55:08,428 [MainThread  ] [INFO ]  Creating edges
2024-07-12 16:55:08,428 [MainThread  ] [INFO ]  [TerraformLocalGraph] created 0 edges
2024-07-12 16:55:08,677 [MainThread  ] [INFO ]  Creating Ansible graph
2024-07-12 16:55:08,677 [MainThread  ] [INFO ]  Successfully created Ansible graph
2024-07-12 16:55:08,716 [MainThread  ] [INFO ]  file ./tsconfig.eslint.json results len 0
2024-07-12 16:55:08,716 [MainThread  ] [INFO ]  file ./tsconfig.json results len 0
2024-07-12 16:55:08,717 [MainThread  ] [INFO ]  file ./coverage/coverage-summary.json results len 0
2024-07-12 16:55:08,722 [MainThread  ] [INFO ]  file ./package.json results len 0
2024-07-12 16:55:08,724 [MainThread  ] [INFO ]  file ./tsconfig.base.json results len 0
2024-07-12 16:55:08,735 [MainThread  ] [INFO ]  file ./action.yml results len 0
2024-07-12 16:55:08,739 [MainThread  ] [INFO ]  Cleanup the whole temp directory: /tmp/tmp_1qpivq9
2024-07-12 16:55:08,781 [MainThread  ] [INFO ]  Creating GitHubActions graph
2024-07-12 16:55:08,784 [MainThread  ] [INFO ]  Successfully created GitHubActions graph
2024-07-12 16:55:37,875 [MainThread  ] [INFO ]  Starting download of modules of length 0
2024-07-12 16:55:37,904 [MainThread  ] [INFO ]  Building graph from parsed module
2024-07-12 16:55:37,905 [MainThread  ] [INFO ]  Creating vertices
2024-07-12 16:55:37,905 [MainThread  ] [INFO ]  [TerraformLocalGraph] created 0 vertices
2024-07-12 16:55:37,905 [MainThread  ] [INFO ]  Creating edges
2024-07-12 16:55:37,905 [MainThread  ] [INFO ]  [TerraformLocalGraph] created 0 edges
2024-07-12 16:55:37,905 [MainThread  ] [INFO ]  Rendering variables, graph has 0 vertices and 0 edges
2024-07-12 16:55:37,905 [MainThread  ] [INFO ]  Building cross variable edges
2024-07-12 16:55:37,905 [MainThread  ] [INFO ]  Found 0 cross variable edges
2024-07-12 16:55:37,905 [MainThread  ] [INFO ]  Building S3 edges name references
2024-07-12 16:55:37,905 [MainThread  ] [INFO ]  Found 0 S3 name references edges
github_actions scan results:

Passed checks: 131, Failed checks: 1, Skipped checks: 0

Check: CKV2_GHA_1: "Ensure top-level permissions are not set to write-all"
	FAILED for resource: on(CodeQL)
	File: /.github/workflows/codeql.yml:18-19



[32m✅ Linted [TYPESCRIPT] files with [eslint] successfully - (48.16s)[0m
- Using [eslint v8.57.0] https://megalinter.io/7.13.0/descriptors/typescript_eslint
- MegaLinter key: [TYPESCRIPT_ES]
- Rules config: [/.eslintrc.yml]
- Number of files analyzed: [10]

[32m✅ Linted [REPOSITORY] files with [trivy] successfully - (54.23s)[0m
- Using [trivy v0.53.0] https://megalinter.io/7.13.0/descriptors/repository_trivy
- MegaLinter key: [REPOSITORY_TRIVY]
- Rules config: identified by [trivy]

[32m✅ Linted [REPOSITORY] files with [grype] successfully - (57.46s)[0m
- Using [grype v0.79.2] https://megalinter.io/7.13.0/descriptors/repository_grype
- MegaLinter key: [REPOSITORY_GRYPE]
- Rules config: [.grype.yaml]

[MARKDOWN_SUMMARY Reporter] Generated MARKDOWN_SUMMARY report: linter/summary.md

+----SUMMARY----+-----------------------+---------------+-------+-------+--------+--------------+
| Descriptor    | Linter                | Mode          | Files | Fixed | Errors | Elapsed time |
+---------------+-----------------------+---------------+-------+-------+--------+--------------+
| ✅ ACTION     | actionlint            | list_of_files |     5 |       |      0 |        0.36s |
| ✅ JSON       | jsonlint              | list_of_files |     5 |       |      0 |        1.22s |
| ✅ JSON       | npm-package-json-lint | project       |   n/a |       |      0 |        4.79s |
| ✅ JSON       | prettier              | list_of_files |     5 |       |      0 |        1.54s |
| ✅ JSON       | v8r                   | list_of_files |     5 |       |      0 |       16.24s |
| ✅ MARKDOWN   | markdownlint          | list_of_files |     1 |       |      0 |        1.29s |
| ✅ MARKDOWN   | markdown-link-check   | list_of_files |     1 |       |      0 |        4.92s |
| ❌ REPOSITORY | checkov               | project       |   n/a |       |      1 |       50.09s |
| ✅ REPOSITORY | gitleaks              | project       |   n/a |       |      0 |       16.82s |
| ✅ REPOSITORY | git_diff              | project       |   n/a |       |      0 |        2.17s |
| ✅ REPOSITORY | grype                 | project       |   n/a |       |      0 |       57.46s |
| ✅ REPOSITORY | secretlint            | project       |   n/a |       |      0 |        2.56s |
| ✅ REPOSITORY | trivy                 | project       |   n/a |       |      0 |       54.23s |
| ✅ REPOSITORY | trivy-sbom            | project       |   n/a |       |      0 |       49.28s |
| ✅ REPOSITORY | trufflehog            | project       |   n/a |       |      0 |       46.79s |
| ✅ TYPESCRIPT | eslint                | list_of_files |    10 |       |      0 |       48.16s |
| ✅ TYPESCRIPT | prettier              | list_of_files |    10 |       |      0 |        1.83s |
| ✅ YAML       | prettier              | list_of_files |    14 |       |      0 |        2.07s |
| ✅ YAML       | v8r                   | list_of_files |    14 |       |      0 |        17.3s |
| ✅ YAML       | yamllint              | list_of_files |    14 |       |      0 |        1.51s |
+---------------+-----------------------+---------------+-------+-------+--------+--------------+

[Updated Sources Reporter] Unable to copy .github/linters/.checkov.yml to linter/updated_sources/.github/linters/.checkov.yml ([Errno 2] No such file or directory: '.github/linters/.checkov.yml')
[Updated Sources Reporter] Unable to copy .github/linters/.eslintrc.yml to linter/updated_sources/.github/linters/.eslintrc.yml ([Errno 2] No such file or directory: '.github/linters/.eslintrc.yml')
[Updated Sources Reporter] Unable to copy .github/linters/.markdown-lint.yml to linter/updated_sources/.github/linters/.markdown-lint.yml ([Errno 2] No such file or directory: '.github/linters/.markdown-lint.yml')
[Updated Sources Reporter] Unable to copy .github/linters/.yaml-lint.yml to linter/updated_sources/.github/linters/.yaml-lint.yml ([Errno 2] No such file or directory: '.github/linters/.yaml-lint.yml')
[Updated Sources Reporter] Unable to copy .github/linters/tsconfig.json to linter/updated_sources/.github/linters/tsconfig.json ([Errno 2] No such file or directory: '.github/linters/tsconfig.json')
[Updated Sources Reporter] Unable to copy .github/workflows/super-linter.yml to linter/updated_sources/.github/workflows/super-linter.yml ([Errno 2] No such file or directory: '.github/workflows/super-linter.yml')
[Updated Sources Reporter] Unable to copy __tests__/index.test.ts to linter/updated_sources/__tests__/index.test.ts ([Errno 2] No such file or directory: '__tests__/index.test.ts')
[Updated Sources Reporter] Unable to copy dist/licenses.txt to linter/updated_sources/dist/licenses.txt ([Errno 2] No such file or directory: 'dist/licenses.txt')
[Updated Sources Reporter] Unable to copy dist/sourcemap-register.js to linter/updated_sources/dist/sourcemap-register.js ([Errno 2] No such file or directory: 'dist/sourcemap-register.js')
[Updated Sources Reporter] copied 22 fixed source files in folder linter/updated_sources.
Download it from artifacts then copy-paste it in your local repo to apply linters updates
[31m❌ Error(s) have been found during linting[0m
To disable linters or customize their checks, you can use a .mega-linter.yml file at the root of your repository
More info at https://megalinter.io/7.13.0/configuration/
